# JRE version: Java(TM) SE Runtime Environment (8.0_151-b12) (build 1.8.0_151-b12)
# Java VM: Java HotSpot(TM) 64-Bit Server VM (25.151-b12 mixed mode windows-amd64 compressed oops)
Heap:
 PSYoungGen      total 106496K, used 100412K [0x0000000780000000, 0x0000000790700000, 0x00000007c0000000)
  eden space 98304K, 93% used [0x0000000780000000,0x0000000785a11f38,0x0000000786000000)
  from space 8192K, 99% used [0x0000000786000000,0x00000007867fd4b0,0x0000000786800000)
  to   space 36352K, 0% used [0x000000078e380000,0x000000078e380000,0x0000000790700000)
 ParOldGen       total 131072K, used 81099K [0x0000000700000000, 0x0000000708000000, 0x0000000780000000)
  object space 131072K, 61% used [0x0000000700000000,0x0000000704f32f98,0x0000000708000000)
 Metaspace       used 19560K, capacity 20358K, committed 20608K, reserved 1067008K
  class space    used 2690K, capacity 2912K, committed 2944K, reserved 1048576K
GC Heap History (10 events):
Event: 4.666 GC heap before
{Heap before GC invocations=1 (full 0):
 PSYoungGen      total 57344K, used 49152K [0x0000000780000000, 0x0000000784000000, 0x00000007c0000000)
  eden space 49152K, 100% used [0x0000000780000000,0x0000000783000000,0x0000000783000000)
  from space 8192K, 0% used [0x0000000783800000,0x0000000783800000,0x0000000784000000)
  to   space 8192K, 0% used [0x0000000783000000,0x0000000783000000,0x0000000783800000)
 ParOldGen       total 131072K, used 0K [0x0000000700000000, 0x0000000708000000, 0x0000000780000000)
  object space 131072K, 0% used [0x0000000700000000,0x0000000700000000,0x0000000708000000)
 Metaspace       used 16786K, capacity 17370K, committed 17536K, reserved 1064960K
  class space    used 2236K, capacity 2390K, committed 2432K, reserved 1048576K
Event: 4.680 GC heap after
Heap after GC invocations=1 (full 0):
 PSYoungGen      total 57344K, used 8165K [0x0000000780000000, 0x0000000784000000, 0x00000007c0000000)
  eden space 49152K, 0% used [0x0000000780000000,0x0000000780000000,0x0000000783000000)
  from space 8192K, 99% used [0x0000000783000000,0x00000007837f94c0,0x0000000783800000)
  to   space 8192K, 0% used [0x0000000783800000,0x0000000783800000,0x0000000784000000)
 ParOldGen       total 131072K, used 11505K [0x0000000700000000, 0x0000000708000000, 0x0000000780000000)
  object space 131072K, 8% used [0x0000000700000000,0x0000000700b3c608,0x0000000708000000)
 Metaspace       used 16786K, capacity 17370K, committed 17536K, reserved 1064960K
  class space    used 2236K, capacity 2390K, committed 2432K, reserved 1048576K
}
Event: 4.894 GC heap before
{Heap before GC invocations=2 (full 0):
 PSYoungGen      total 57344K, used 57317K [0x0000000780000000, 0x0000000784000000, 0x00000007c0000000)
  eden space 49152K, 100% used [0x0000000780000000,0x0000000783000000,0x0000000783000000)
  from space 8192K, 99% used [0x0000000783000000,0x00000007837f94c0,0x0000000783800000)
  to   space 8192K, 0% used [0x0000000783800000,0x0000000783800000,0x0000000784000000)
 ParOldGen       total 131072K, used 11505K [0x0000000700000000, 0x0000000708000000, 0x0000000780000000)
  object space 131072K, 8% used [0x0000000700000000,0x0000000700b3c608,0x0000000708000000)
 Metaspace       used 17010K, capacity 17598K, committed 17792K, reserved 1064960K
  class space    used 2255K, capacity 2424K, committed 2432K, reserved 1048576K
Event: 4.914 GC heap after
Heap after GC invocations=2 (full 0):
 PSYoungGen      total 57344K, used 8181K [0x0000000780000000, 0x0000000787000000, 0x00000007c0000000)
  eden space 49152K, 0% used [0x0000000780000000,0x0000000780000000,0x0000000783000000)
  from space 8192K, 99% used [0x0000000783800000,0x0000000783ffd4b0,0x0000000784000000)
  to   space 8192K, 0% used [0x0000000783000000,0x0000000783000000,0x0000000783800000)
 ParOldGen       total 131072K, used 22123K [0x0000000700000000, 0x0000000708000000, 0x0000000780000000)
  object space 131072K, 16% used [0x0000000700000000,0x000000070159af88,0x0000000708000000)
 Metaspace       used 17010K, capacity 17598K, committed 17792K, reserved 1064960K
  class space    used 2255K, capacity 2424K, committed 2432K, reserved 1048576K
}
Event: 5.307 GC heap before
{Heap before GC invocations=3 (full 0):
 PSYoungGen      total 57344K, used 57333K [0x0000000780000000, 0x0000000787000000, 0x00000007c0000000)
  eden space 49152K, 100% used [0x0000000780000000,0x0000000783000000,0x0000000783000000)
  from space 8192K, 99% used [0x0000000783800000,0x0000000783ffd4b0,0x0000000784000000)
  to   space 8192K, 0% used [0x0000000783000000,0x0000000783000000,0x0000000783800000)
 ParOldGen       total 131072K, used 22123K [0x0000000700000000, 0x0000000708000000, 0x0000000780000000)
  object space 131072K, 16% used [0x0000000700000000,0x000000070159af88,0x0000000708000000)
 Metaspace       used 17034K, capacity 17598K, committed 17792K, reserved 1064960K
  class space    used 2255K, capacity 2424K, committed 2432K, reserved 1048576K
Event: 5.328 GC heap after
Heap after GC invocations=3 (full 0):
 PSYoungGen      total 57344K, used 8165K [0x0000000780000000, 0x0000000787000000, 0x00000007c0000000)
  eden space 49152K, 0% used [0x0000000780000000,0x0000000780000000,0x0000000783000000)
  from space 8192K, 99% used [0x0000000783000000,0x00000007837f94b0,0x0000000783800000)
  to   space 8192K, 0% used [0x0000000786800000,0x0000000786800000,0x0000000787000000)
 ParOldGen       total 131072K, used 32195K [0x0000000700000000, 0x0000000708000000, 0x0000000780000000)
  object space 131072K, 24% used [0x0000000700000000,0x0000000701f70f88,0x0000000708000000)
 Metaspace       used 17034K, capacity 17598K, committed 17792K, reserved 1064960K
  class space    used 2255K, capacity 2424K, committed 2432K, reserved 1048576K
}
Event: 5.477 GC heap before
{Heap before GC invocations=4 (full 0):
 PSYoungGen      total 57344K, used 57317K [0x0000000780000000, 0x0000000787000000, 0x00000007c0000000)
  eden space 49152K, 100% used [0x0000000780000000,0x0000000783000000,0x0000000783000000)
  from space 8192K, 99% used [0x0000000783000000,0x00000007837f94b0,0x0000000783800000)
  to   space 8192K, 0% used [0x0000000786800000,0x0000000786800000,0x0000000787000000)
 ParOldGen       total 131072K, used 32195K [0x0000000700000000, 0x0000000708000000, 0x0000000780000000)
  object space 131072K, 24% used [0x0000000700000000,0x0000000701f70f88,0x0000000708000000)
 Metaspace       used 17365K, capacity 17976K, committed 18176K, reserved 1064960K
  class space    used 2304K, capacity 2475K, committed 2560K, reserved 1048576K
Event: 5.515 GC heap after
Heap after GC invocations=4 (full 0):
 PSYoungGen      total 106496K, used 8181K [0x0000000780000000, 0x0000000787000000, 0x00000007c0000000)
  eden space 98304K, 0% used [0x0000000780000000,0x0000000780000000,0x0000000786000000)
  from space 8192K, 99% used [0x0000000786800000,0x0000000786ffd4b0,0x0000000787000000)
  to   space 8192K, 0% used [0x0000000786000000,0x0000000786000000,0x0000000786800000)
 ParOldGen       total 131072K, used 57555K [0x0000000700000000, 0x0000000708000000, 0x0000000780000000)
  object space 131072K, 43% used [0x0000000700000000,0x0000000703834f88,0x0000000708000000)
 Metaspace       used 17365K, capacity 17976K, committed 18176K, reserved 1064960K
  class space    used 2304K, capacity 2475K, committed 2560K, reserved 1048576K
}
Event: 5.643 GC heap before
{Heap before GC invocations=5 (full 0):
 PSYoungGen      total 106496K, used 106485K [0x0000000780000000, 0x0000000787000000, 0x00000007c0000000)
  eden space 98304K, 100% used [0x0000000780000000,0x0000000786000000,0x0000000786000000)
  from space 8192K, 99% used [0x0000000786800000,0x0000000786ffd4b0,0x0000000787000000)
  to   space 8192K, 0% used [0x0000000786000000,0x0000000786000000,0x0000000786800000)
 ParOldGen       total 131072K, used 57555K [0x0000000700000000, 0x0000000708000000, 0x0000000780000000)
  object space 131072K, 43% used [0x0000000700000000,0x0000000703834f88,0x0000000708000000)
 Metaspace       used 17426K, capacity 18080K, committed 18176K, reserved 1064960K
  class space    used 2310K, capacity 2509K, committed 2560K, reserved 1048576K
Event: 5.684 GC heap after
Heap after GC invocations=5 (full 0):
 PSYoungGen      total 106496K, used 8181K [0x0000000780000000, 0x0000000790700000, 0x00000007c0000000)
  eden space 98304K, 0% used [0x0000000780000000,0x0000000780000000,0x0000000786000000)
  from space 8192K, 99% used [0x0000000786000000,0x00000007867fd4b0,0x0000000786800000)
  to   space 36352K, 0% used [0x000000078e380000,0x000000078e380000,0x0000000790700000)
 ParOldGen       total 131072K, used 81099K [0x0000000700000000, 0x0000000708000000, 0x0000000780000000)
  object space 131072K, 61% used [0x0000000700000000,0x0000000704f32f98,0x0000000708000000)
 Metaspace       used 17426K, capacity 18080K, committed 18176K, reserved 1064960K
  class space    used 2310K, capacity 2509K, committed 2560K, reserved 1048576K
}

